This file contains any messages produced by compilers while
running configure, to aid debugging if configure makes a mistake.

It was created by xapian-core configure 1.3.3, which was
generated by GNU Autoconf 2.69.  Invocation command line was

  $ ./configure 

## --------- ##
## Platform. ##
## --------- ##

hostname = qwghlm
uname -m = i686
uname -r = 4.2.0-10-generic
uname -s = Linux
uname -v = #11+dev88.b3d7413bem1-Endless SMP Fri Sep 25 21:31:40 UTC 2015

/usr/bin/uname -p = unknown
/bin/uname -X     = unknown

/bin/arch              = unknown
/usr/bin/arch -k       = unknown
/usr/convex/getsysinfo = unknown
/usr/bin/hostinfo      = unknown
/bin/machine           = unknown
/usr/bin/oslevel       = unknown
/bin/universe          = unknown

PATH: /usr/local/heroku/bin
PATH: /home/enoch/bin
PATH: /usr/local/heroku/bin
PATH: /home/enoch/bin
PATH: /home/enoch/bin
PATH: /usr/local/sbin
PATH: /usr/local/bin
PATH: /usr/sbin
PATH: /usr/bin
PATH: /sbin
PATH: /bin
PATH: /usr/games
PATH: /usr/local/games
PATH: /endless/bin
PATH: /home/enoch/.local/bin
PATH: /home/enoch/.cabal/bin
PATH: /home/enoch/.xmonad/bin
PATH: /usr/local/go/bin
PATH: /home/enoch/dev/go/bin
PATH: /home/enoch/.local/bin
PATH: /home/enoch/.cabal/bin
PATH: /home/enoch/.xmonad/bin
PATH: /usr/local/go/bin
PATH: /home/enoch/dev/go/bin


## ----------- ##
## Core tests. ##
## ----------- ##

configure:2837: checking for a BSD-compatible install
configure:2905: result: /usr/bin/install -c
configure:2916: checking whether build environment is sane
configure:2971: result: yes
configure:3122: checking for a thread-safe mkdir -p
configure:3161: result: /bin/mkdir -p
configure:3168: checking for gawk
configure:3198: result: no
configure:3168: checking for mawk
configure:3184: found /usr/bin/mawk
configure:3195: result: mawk
configure:3206: checking whether make sets $(MAKE)
configure:3228: result: yes
configure:3257: checking whether make supports nested variables
configure:3274: result: yes
configure:3363: checking whether UID '1001' is supported by ustar format
configure:3366: result: yes
configure:3373: checking whether GID '1001' is supported by ustar format
configure:3376: result: yes
configure:3384: checking how to create a ustar tar archive
configure:3395: tar --version
tar (GNU tar) 1.26
Copyright (C) 2011 Free Software Foundation, Inc.
License GPLv3+: GNU GPL version 3 or later <http://gnu.org/licenses/gpl.html>.
This is free software: you are free to change and redistribute it.
There is NO WARRANTY, to the extent permitted by law.

Written by John Gilmore and Jay Fenlason.
configure:3398: $? = 0
configure:3438: tardir=conftest.dir && eval tar --format=ustar -chf - "$tardir" >conftest.tar
configure:3441: $? = 0
configure:3445: tar -xf - <conftest.tar
configure:3448: $? = 0
configure:3450: cat conftest.dir/file
GrepMe
configure:3453: $? = 0
configure:3466: result: gnutar
configure:3553: checking build system type
configure:3567: result: i686-pc-linux-gnu
configure:3587: checking host system type
configure:3600: result: i686-pc-linux-gnu
configure:3641: checking how to print strings
configure:3668: result: printf
configure:3701: checking for style of include used by make
configure:3729: result: GNU
configure:3800: checking for gcc
configure:3816: found /usr/bin/gcc
configure:3827: result: gcc
configure:4056: checking for C compiler version
configure:4065: gcc --version >&5
gcc (Endless 4.9.2-10ubuntu9endless2bem1) 4.9.2
Copyright (C) 2014 Free Software Foundation, Inc.
This is free software; see the source for copying conditions.  There is NO
warranty; not even for MERCHANTABILITY or FITNESS FOR A PARTICULAR PURPOSE.

configure:4076: $? = 0
configure:4065: gcc -v >&5
Using built-in specs.
COLLECT_GCC=gcc
COLLECT_LTO_WRAPPER=/usr/lib/gcc/i686-linux-gnu/4.9/lto-wrapper
Target: i686-linux-gnu
Configured with: ../src/configure -v --with-pkgversion='Endless 4.9.2-10ubuntu9endless2bem1' --with-bugurl=file:///usr/share/doc/gcc-4.9/README.Bugs --enable-languages=c,c++,java,go,d,fortran,objc,obj-c++ --prefix=/usr --program-suffix=-4.9 --enable-shared --enable-linker-build-id --libexecdir=/usr/lib --without-included-gettext --enable-threads=posix --with-gxx-include-dir=/usr/include/c++/4.9 --libdir=/usr/lib --enable-nls --with-sysroot=/ --enable-clocale=gnu --enable-libstdcxx-debug --enable-libstdcxx-time=yes --enable-gnu-unique-object --disable-vtable-verify --enable-plugin --with-system-zlib --disable-browser-plugin --enable-java-awt=gtk --enable-gtk-cairo --with-java-home=/usr/lib/jvm/java-1.5.0-gcj-4.9-i386/jre --enable-java-home --with-jvm-root-dir=/usr/lib/jvm/java-1.5.0-gcj-4.9-i386 --with-jvm-jar-dir=/usr/lib/jvm-exports/java-1.5.0-gcj-4.9-i386 --with-arch-directory=i386 --with-ecj-jar=/usr/share/java/eclipse-ecj.jar --enable-objc-gc --enable-targets=all --enable-multiarch --disable-werror --with-arch-32=i686 --with-multilib-list=m32,m64,mx32 --enable-multilib --with-tune=generic --enable-checking=release --build=i686-linux-gnu --host=i686-linux-gnu --target=i686-linux-gnu
Thread model: posix
gcc version 4.9.2 (Endless 4.9.2-10ubuntu9endless2bem1) 
configure:4076: $? = 0
configure:4065: gcc -V >&5
gcc: error: unrecognized command line option '-V'
gcc: fatal error: no input files
compilation terminated.
configure:4076: $? = 4
configure:4065: gcc -qversion >&5
gcc: error: unrecognized command line option '-qversion'
gcc: fatal error: no input files
compilation terminated.
configure:4076: $? = 4
configure:4096: checking whether the C compiler works
configure:4118: gcc    conftest.c  >&5
configure:4122: $? = 0
configure:4170: result: yes
configure:4173: checking for C compiler default output file name
configure:4175: result: a.out
configure:4181: checking for suffix of executables
configure:4188: gcc -o conftest    conftest.c  >&5
configure:4192: $? = 0
configure:4214: result: 
configure:4236: checking whether we are cross compiling
configure:4244: gcc -o conftest    conftest.c  >&5
configure:4248: $? = 0
configure:4255: ./conftest
configure:4259: $? = 0
configure:4274: result: no
configure:4279: checking for suffix of object files
configure:4301: gcc -c   conftest.c >&5
configure:4305: $? = 0
configure:4326: result: o
configure:4330: checking whether we are using the GNU C compiler
configure:4349: gcc -c   conftest.c >&5
configure:4349: $? = 0
configure:4358: result: yes
configure:4367: checking whether gcc accepts -g
configure:4387: gcc -c -g  conftest.c >&5
configure:4387: $? = 0
configure:4428: result: yes
configure:4445: checking for gcc option to accept ISO C89
configure:4508: gcc  -c -g -O2  conftest.c >&5
configure:4508: $? = 0
configure:4521: result: none needed
configure:4546: checking whether gcc understands -c and -o together
configure:4568: gcc -c conftest.c -o conftest2.o
configure:4571: $? = 0
configure:4568: gcc -c conftest.c -o conftest2.o
configure:4571: $? = 0
configure:4583: result: yes
configure:4602: checking dependency style of gcc
configure:4713: result: gcc3
configure:4728: checking for a sed that does not truncate output
configure:4792: result: /bin/sed
configure:4810: checking for grep that handles long lines and -e
configure:4868: result: /bin/grep
configure:4873: checking for egrep
configure:4935: result: /bin/grep -E
configure:4940: checking for fgrep
configure:5002: result: /bin/grep -F
configure:5037: checking for ld used by gcc
configure:5104: result: /usr/bin/ld
configure:5111: checking if the linker (/usr/bin/ld) is GNU ld
configure:5126: result: yes
configure:5138: checking for BSD- or MS-compatible name lister (nm)
configure:5187: result: /usr/bin/nm -B
configure:5317: checking the name lister (/usr/bin/nm -B) interface
configure:5324: gcc -c -g -O2  conftest.c >&5
configure:5327: /usr/bin/nm -B "conftest.o"
configure:5330: output
00000000 B some_variable
configure:5337: result: BSD nm
configure:5340: checking whether ln -s works
configure:5344: result: yes
configure:5352: checking the maximum length of command line arguments
configure:5483: result: 1572864
configure:5500: checking whether the shell understands some XSI constructs
configure:5510: result: yes
configure:5514: checking whether the shell understands "+="
configure:5520: result: yes
configure:5555: checking how to convert i686-pc-linux-gnu file names to i686-pc-linux-gnu format
configure:5595: result: func_convert_file_noop
configure:5602: checking how to convert i686-pc-linux-gnu file names to toolchain format
configure:5622: result: func_convert_file_noop
configure:5629: checking for /usr/bin/ld option to reload object files
configure:5636: result: -r
configure:5710: checking for objdump
configure:5726: found /usr/bin/objdump
configure:5737: result: objdump
configure:5769: checking how to recognize dependent libraries
configure:5967: result: pass_all
configure:6052: checking for dlltool
configure:6082: result: no
configure:6112: checking how to associate runtime and link libraries
configure:6139: result: printf %s\n
configure:6200: checking for ar
configure:6216: found /usr/bin/ar
configure:6227: result: ar
configure:6264: checking for archiver @FILE support
configure:6281: gcc -c -g -O2  conftest.c >&5
configure:6281: $? = 0
configure:6284: ar cru libconftest.a @conftest.lst >&5
configure:6287: $? = 0
configure:6292: ar cru libconftest.a @conftest.lst >&5
ar: conftest.o: No such file or directory
configure:6295: $? = 1
configure:6307: result: @
configure:6365: checking for strip
configure:6381: found /usr/bin/strip
configure:6392: result: strip
configure:6464: checking for ranlib
configure:6480: found /usr/bin/ranlib
configure:6491: result: ranlib
configure:6593: checking command to parse /usr/bin/nm -B output from gcc object
configure:6713: gcc -c -g -O2  conftest.c >&5
configure:6716: $? = 0
configure:6720: /usr/bin/nm -B conftest.o \| sed -n -e 's/^.*[ ]\([ABCDGIRSTW][ABCDGIRSTW]*\)[ ][ ]*\([_A-Za-z][_A-Za-z0-9]*\)$/\1 \2 \2/p' | sed '/ __gnu_lto/d' \> conftest.nm
configure:6723: $? = 0
configure:6789: gcc -o conftest -g -O2   conftest.c conftstm.o >&5
configure:6792: $? = 0
configure:6830: result: ok
configure:6867: checking for sysroot
configure:6897: result: no
configure:7166: checking for mt
configure:7182: found /bin/mt
configure:7193: result: mt
configure:7216: checking if mt is a manifest tool
configure:7222: mt '-?'
configure:7230: result: no
configure:7872: checking how to run the C preprocessor
configure:7903: gcc -E  conftest.c
configure:7903: $? = 0
configure:7917: gcc -E  conftest.c
conftest.c:11:28: fatal error: ac_nonexistent.h: No such file or directory
 #include <ac_nonexistent.h>
                            ^
compilation terminated.
configure:7917: $? = 1
configure: failed program was:
| /* confdefs.h */
| #define PACKAGE_NAME "xapian-core"
| #define PACKAGE_TARNAME "xapian-core"
| #define PACKAGE_VERSION "1.3.3"
| #define PACKAGE_STRING "xapian-core 1.3.3"
| #define PACKAGE_BUGREPORT "http://xapian.org/bugs"
| #define PACKAGE_URL ""
| #define PACKAGE "xapian-core"
| #define VERSION "1.3.3"
| /* end confdefs.h.  */
| #include <ac_nonexistent.h>
configure:7942: result: gcc -E
configure:7962: gcc -E  conftest.c
configure:7962: $? = 0
configure:7976: gcc -E  conftest.c
conftest.c:11:28: fatal error: ac_nonexistent.h: No such file or directory
 #include <ac_nonexistent.h>
                            ^
compilation terminated.
configure:7976: $? = 1
configure: failed program was:
| /* confdefs.h */
| #define PACKAGE_NAME "xapian-core"
| #define PACKAGE_TARNAME "xapian-core"
| #define PACKAGE_VERSION "1.3.3"
| #define PACKAGE_STRING "xapian-core 1.3.3"
| #define PACKAGE_BUGREPORT "http://xapian.org/bugs"
| #define PACKAGE_URL ""
| #define PACKAGE "xapian-core"
| #define VERSION "1.3.3"
| /* end confdefs.h.  */
| #include <ac_nonexistent.h>
configure:8005: checking for ANSI C header files
configure:8025: gcc -c -g -O2  conftest.c >&5
configure:8025: $? = 0
configure:8098: gcc -o conftest -g -O2   conftest.c  >&5
configure:8098: $? = 0
configure:8098: ./conftest
configure:8098: $? = 0
configure:8109: result: yes
configure:8122: checking for sys/types.h
configure:8122: gcc -c -g -O2  conftest.c >&5
configure:8122: $? = 0
configure:8122: result: yes
configure:8122: checking for sys/stat.h
configure:8122: gcc -c -g -O2  conftest.c >&5
configure:8122: $? = 0
configure:8122: result: yes
configure:8122: checking for stdlib.h
configure:8122: gcc -c -g -O2  conftest.c >&5
configure:8122: $? = 0
configure:8122: result: yes
configure:8122: checking for string.h
configure:8122: gcc -c -g -O2  conftest.c >&5
configure:8122: $? = 0
configure:8122: result: yes
configure:8122: checking for memory.h
configure:8122: gcc -c -g -O2  conftest.c >&5
configure:8122: $? = 0
configure:8122: result: yes
configure:8122: checking for strings.h
configure:8122: gcc -c -g -O2  conftest.c >&5
configure:8122: $? = 0
configure:8122: result: yes
configure:8122: checking for inttypes.h
configure:8122: gcc -c -g -O2  conftest.c >&5
configure:8122: $? = 0
configure:8122: result: yes
configure:8122: checking for stdint.h
configure:8122: gcc -c -g -O2  conftest.c >&5
configure:8122: $? = 0
configure:8122: result: yes
configure:8122: checking for unistd.h
configure:8122: gcc -c -g -O2  conftest.c >&5
configure:8122: $? = 0
configure:8122: result: yes
configure:8136: checking for dlfcn.h
configure:8136: gcc -c -g -O2  conftest.c >&5
configure:8136: $? = 0
configure:8136: result: yes
configure:8342: checking for objdir
configure:8357: result: .libs
configure:8628: checking if gcc supports -fno-rtti -fno-exceptions
configure:8646: gcc -c -g -O2  -fno-rtti -fno-exceptions conftest.c >&5
cc1: warning: command line option '-fno-rtti' is valid for C++/ObjC++ but not for C
configure:8650: $? = 0
configure:8663: result: no
configure:8990: checking for gcc option to produce PIC
configure:8997: result: -fPIC -DPIC
configure:9005: checking if gcc PIC flag -fPIC -DPIC works
configure:9023: gcc -c -g -O2  -fPIC -DPIC -DPIC conftest.c >&5
configure:9027: $? = 0
configure:9040: result: yes
configure:9069: checking if gcc static flag -static works
configure:9097: result: yes
configure:9112: checking if gcc supports -c -o file.o
configure:9133: gcc -c -g -O2  -o out/conftest2.o conftest.c >&5
configure:9137: $? = 0
configure:9159: result: yes
configure:9167: checking if gcc supports -c -o file.o
configure:9214: result: yes
configure:9247: checking whether the gcc linker (/usr/bin/ld) supports shared libraries
configure:10404: result: yes
configure:10441: checking whether -lc should be explicitly linked in
configure:10449: gcc -c -g -O2  conftest.c >&5
configure:10452: $? = 0
configure:10467: gcc -shared  -fPIC -DPIC conftest.o  -v -Wl,-soname -Wl,conftest -o conftest 2\>\&1 \| /bin/grep  -lc  \>/dev/null 2\>\&1
configure:10470: $? = 0
configure:10484: result: no
configure:10644: checking dynamic linker characteristics
configure:11144: gcc -o conftest -g -O2   -Wl,-rpath -Wl,/foo conftest.c  >&5
configure:11144: $? = 0
configure:11378: result: GNU/Linux ld.so
configure:11485: checking how to hardcode library paths into programs
configure:11510: result: immediate
configure:12050: checking whether stripping libraries is possible
configure:12055: result: yes
configure:12090: checking if libtool supports shared libraries
configure:12092: result: yes
configure:12095: checking whether to build shared libraries
configure:12116: result: yes
configure:12119: checking whether to build static libraries
configure:12123: result: yes
configure:12188: checking whether to enable maintainer-specific portions of Makefiles
configure:12197: result: no
configure:12269: checking for g++
configure:12285: found /usr/bin/g++
configure:12296: result: g++
configure:12323: checking for C++ compiler version
configure:12332: g++ --version >&5
g++ (Endless 4.9.2-10ubuntu9endless2bem1) 4.9.2
Copyright (C) 2014 Free Software Foundation, Inc.
This is free software; see the source for copying conditions.  There is NO
warranty; not even for MERCHANTABILITY or FITNESS FOR A PARTICULAR PURPOSE.

configure:12343: $? = 0
configure:12332: g++ -v >&5
Using built-in specs.
COLLECT_GCC=g++
COLLECT_LTO_WRAPPER=/usr/lib/gcc/i686-linux-gnu/4.9/lto-wrapper
Target: i686-linux-gnu
Configured with: ../src/configure -v --with-pkgversion='Endless 4.9.2-10ubuntu9endless2bem1' --with-bugurl=file:///usr/share/doc/gcc-4.9/README.Bugs --enable-languages=c,c++,java,go,d,fortran,objc,obj-c++ --prefix=/usr --program-suffix=-4.9 --enable-shared --enable-linker-build-id --libexecdir=/usr/lib --without-included-gettext --enable-threads=posix --with-gxx-include-dir=/usr/include/c++/4.9 --libdir=/usr/lib --enable-nls --with-sysroot=/ --enable-clocale=gnu --enable-libstdcxx-debug --enable-libstdcxx-time=yes --enable-gnu-unique-object --disable-vtable-verify --enable-plugin --with-system-zlib --disable-browser-plugin --enable-java-awt=gtk --enable-gtk-cairo --with-java-home=/usr/lib/jvm/java-1.5.0-gcj-4.9-i386/jre --enable-java-home --with-jvm-root-dir=/usr/lib/jvm/java-1.5.0-gcj-4.9-i386 --with-jvm-jar-dir=/usr/lib/jvm-exports/java-1.5.0-gcj-4.9-i386 --with-arch-directory=i386 --with-ecj-jar=/usr/share/java/eclipse-ecj.jar --enable-objc-gc --enable-targets=all --enable-multiarch --disable-werror --with-arch-32=i686 --with-multilib-list=m32,m64,mx32 --enable-multilib --with-tune=generic --enable-checking=release --build=i686-linux-gnu --host=i686-linux-gnu --target=i686-linux-gnu
Thread model: posix
gcc version 4.9.2 (Endless 4.9.2-10ubuntu9endless2bem1) 
configure:12343: $? = 0
configure:12332: g++ -V >&5
g++: error: unrecognized command line option '-V'
g++: fatal error: no input files
compilation terminated.
configure:12343: $? = 4
configure:12332: g++ -qversion >&5
g++: error: unrecognized command line option '-qversion'
g++: fatal error: no input files
compilation terminated.
configure:12343: $? = 4
configure:12347: checking whether we are using the GNU C++ compiler
configure:12366: g++ -c   conftest.cpp >&5
configure:12366: $? = 0
configure:12375: result: yes
configure:12384: checking whether g++ accepts -g
configure:12404: g++ -c -g  conftest.cpp >&5
configure:12404: $? = 0
configure:12445: result: yes
configure:12470: checking dependency style of g++
configure:12581: result: gcc3
configure:12614: checking how to run the C++ preprocessor
configure:12641: g++ -E  conftest.cpp
configure:12641: $? = 0
configure:12655: g++ -E  conftest.cpp
conftest.cpp:23:28: fatal error: ac_nonexistent.h: No such file or directory
 #include <ac_nonexistent.h>
                            ^
compilation terminated.
configure:12655: $? = 1
configure: failed program was:
| /* confdefs.h */
| #define PACKAGE_NAME "xapian-core"
| #define PACKAGE_TARNAME "xapian-core"
| #define PACKAGE_VERSION "1.3.3"
| #define PACKAGE_STRING "xapian-core 1.3.3"
| #define PACKAGE_BUGREPORT "http://xapian.org/bugs"
| #define PACKAGE_URL ""
| #define PACKAGE "xapian-core"
| #define VERSION "1.3.3"
| #define STDC_HEADERS 1
| #define HAVE_SYS_TYPES_H 1
| #define HAVE_SYS_STAT_H 1
| #define HAVE_STDLIB_H 1
| #define HAVE_STRING_H 1
| #define HAVE_MEMORY_H 1
| #define HAVE_STRINGS_H 1
| #define HAVE_INTTYPES_H 1
| #define HAVE_STDINT_H 1
| #define HAVE_UNISTD_H 1
| #define HAVE_DLFCN_H 1
| #define LT_OBJDIR ".libs/"
| /* end confdefs.h.  */
| #include <ac_nonexistent.h>
configure:12680: result: g++ -E
configure:12700: g++ -E  conftest.cpp
configure:12700: $? = 0
configure:12714: g++ -E  conftest.cpp
conftest.cpp:23:28: fatal error: ac_nonexistent.h: No such file or directory
 #include <ac_nonexistent.h>
                            ^
compilation terminated.
configure:12714: $? = 1
configure: failed program was:
| /* confdefs.h */
| #define PACKAGE_NAME "xapian-core"
| #define PACKAGE_TARNAME "xapian-core"
| #define PACKAGE_VERSION "1.3.3"
| #define PACKAGE_STRING "xapian-core 1.3.3"
| #define PACKAGE_BUGREPORT "http://xapian.org/bugs"
| #define PACKAGE_URL ""
| #define PACKAGE "xapian-core"
| #define VERSION "1.3.3"
| #define STDC_HEADERS 1
| #define HAVE_SYS_TYPES_H 1
| #define HAVE_SYS_STAT_H 1
| #define HAVE_STDLIB_H 1
| #define HAVE_STRING_H 1
| #define HAVE_MEMORY_H 1
| #define HAVE_STRINGS_H 1
| #define HAVE_INTTYPES_H 1
| #define HAVE_STDINT_H 1
| #define HAVE_UNISTD_H 1
| #define HAVE_DLFCN_H 1
| #define LT_OBJDIR ".libs/"
| /* end confdefs.h.  */
| #include <ac_nonexistent.h>
configure:12883: checking for ld used by g++
configure:12950: result: /usr/bin/ld
configure:12957: checking if the linker (/usr/bin/ld) is GNU ld
configure:12972: result: yes
configure:13027: checking whether the g++ linker (/usr/bin/ld) supports shared libraries
configure:14029: result: yes
configure:14065: g++ -c -g -O2  conftest.cpp >&5
configure:14068: $? = 0
configure:14588: checking for g++ option to produce PIC
configure:14595: result: -fPIC -DPIC
configure:14603: checking if g++ PIC flag -fPIC -DPIC works
configure:14621: g++ -c -g -O2  -fPIC -DPIC -DPIC conftest.cpp >&5
configure:14625: $? = 0
configure:14638: result: yes
configure:14661: checking if g++ static flag -static works
configure:14689: result: yes
configure:14701: checking if g++ supports -c -o file.o
configure:14722: g++ -c -g -O2  -o out/conftest2.o conftest.cpp >&5
configure:14726: $? = 0
configure:14748: result: yes
configure:14753: checking if g++ supports -c -o file.o
configure:14800: result: yes
configure:14830: checking whether the g++ linker (/usr/bin/ld) supports shared libraries
configure:14869: result: yes
configure:15010: checking dynamic linker characteristics
configure:15678: result: GNU/Linux ld.so
configure:15731: checking how to hardcode library paths into programs
configure:15756: result: immediate
/sbin/ldconfig.real: Can't stat /var/lib/codecs: No such file or directory
/sbin/ldconfig.real: Can't stat /lib/i686-linux-gnu: No such file or directory
/sbin/ldconfig.real: Can't stat /usr/lib/i686-linux-gnu: No such file or directory
/sbin/ldconfig.real: Path `/lib/i386-linux-gnu' given more than once
/sbin/ldconfig.real: Path `/usr/lib/i386-linux-gnu' given more than once
/sbin/ldconfig.real: /lib/i386-linux-gnu/ld-2.19.so is the dynamic linker, ignoring

/sbin/ldconfig.real: /lib/ld-lsb.so.3 is the dynamic linker, ignoring

configure:15828: checking whether g++ is a working C++ compiler
configure:15858: g++ -o conftest -g -O2   conftest.cpp  >&5
configure:15858: $? = 0
configure:15858: ./conftest
configure:15858: $? = 0
configure:15870: result: yes
configure:15905: checking whether g++ supports C++11 features by default
configure:15962: g++ -c -g -O2  conftest.cpp >&5
conftest.cpp:27:21: error: expected identifier before 'sizeof'
       static_assert(sizeof(int) <= sizeof(T), "not big enough");
                     ^
conftest.cpp:27:21: error: expected ',' or '...' before 'sizeof'
conftest.cpp:27:63: error: ISO C++ forbids declaration of 'static_assert' with no type [-fpermissive]
       static_assert(sizeof(int) <= sizeof(T), "not big enough");
                                                               ^
conftest.cpp:34:20: warning: override controls (override/final) only available with -std=c++11 or -std=gnu++11
     virtual void f() override {}
                    ^
conftest.cpp:37:29: error: '>>' should be '> >' within a nested template argument list
     typedef check<check<bool>> right_angle_brackets;
                             ^
conftest.cpp:40:13: error: expected constructor, destructor, or type conversion before '(' token
     decltype(a) b;
             ^
conftest.cpp:44:15: error: expected unqualified-id before '&&' token
     check_type&& cr = static_cast<check_type&&>(c);
               ^
conftest.cpp:46:10: error: 'd' does not name a type
     auto d = a;
          ^
conftest.cpp:47:10: error: 'l' does not name a type
     auto l = [](){};
          ^
conftest.cpp: In constructor 'use_l::use_l()':
conftest.cpp:49:32: error: 'l' was not declared in this scope
     struct use_l { use_l() { l(); } };
                                ^
conftest.cpp: At global scope:
conftest.cpp:57:9: error: expected unqualified-id before 'using'
         using member = typename T::member_type;
         ^
conftest.cpp:63:19: error: variable or field 'func' declared void
         void func(member<T>*) {}
                   ^
conftest.cpp:63:19: error: 'member' was not declared in this scope
conftest.cpp:63:27: error: expected primary-expression before '>' token
         void func(member<T>*) {}
                           ^
conftest.cpp:63:29: error: expected primary-expression before ')' token
         void func(member<T>*) {}
                             ^
configure:15962: $? = 1
configure: failed program was:
| /* confdefs.h */
| #define PACKAGE_NAME "xapian-core"
| #define PACKAGE_TARNAME "xapian-core"
| #define PACKAGE_VERSION "1.3.3"
| #define PACKAGE_STRING "xapian-core 1.3.3"
| #define PACKAGE_BUGREPORT "http://xapian.org/bugs"
| #define PACKAGE_URL ""
| #define PACKAGE "xapian-core"
| #define VERSION "1.3.3"
| #define STDC_HEADERS 1
| #define HAVE_SYS_TYPES_H 1
| #define HAVE_SYS_STAT_H 1
| #define HAVE_STDLIB_H 1
| #define HAVE_STRING_H 1
| #define HAVE_MEMORY_H 1
| #define HAVE_STRINGS_H 1
| #define HAVE_INTTYPES_H 1
| #define HAVE_STDINT_H 1
| #define HAVE_UNISTD_H 1
| #define HAVE_DLFCN_H 1
| #define LT_OBJDIR ".libs/"
| /* end confdefs.h.  */
| 
|   template <typename T>
|     struct check
|     {
|       static_assert(sizeof(int) <= sizeof(T), "not big enough");
|     };
| 
|     struct Base {
|     virtual void f() {}
|     };
|     struct Child : public Base {
|     virtual void f() override {}
|     };
| 
|     typedef check<check<bool>> right_angle_brackets;
| 
|     int a;
|     decltype(a) b;
| 
|     typedef check<int> check_type;
|     check_type c;
|     check_type&& cr = static_cast<check_type&&>(c);
| 
|     auto d = a;
|     auto l = [](){};
|     // Prevent Clang error: unused variable 'l' [-Werror,-Wunused-variable]
|     struct use_l { use_l() { l(); } };
| 
|     // http://stackoverflow.com/questions/13728184/template-aliases-and-sfinae
|     // Clang 3.1 fails with headers of libstd++ 4.8.3 when using std::function because of this
|     namespace test_template_alias_sfinae {
|         struct foo {};
| 
|         template<typename T>
|         using member = typename T::member_type;
| 
|         template<typename T>
|         void func(...) {}
| 
|         template<typename T>
|         void func(member<T>*) {}
| 
|         void test();
| 
|         void test() {
|             func<foo>(0);
|         }
|     }
| 
configure:15969: result: no
configure:15978: checking whether g++ supports C++11 features with -std=gnu++11
configure:16037: g++ -c -g -O2 -std=gnu++11  conftest.cpp >&5
configure:16037: $? = 0
configure:16046: result: yes
configure:16210: checking for gcc
configure:16237: result: gcc
configure:16466: checking for C compiler version
configure:16475: gcc --version >&5
gcc (Endless 4.9.2-10ubuntu9endless2bem1) 4.9.2
Copyright (C) 2014 Free Software Foundation, Inc.
This is free software; see the source for copying conditions.  There is NO
warranty; not even for MERCHANTABILITY or FITNESS FOR A PARTICULAR PURPOSE.

configure:16486: $? = 0
configure:16475: gcc -v >&5
Using built-in specs.
COLLECT_GCC=gcc
COLLECT_LTO_WRAPPER=/usr/lib/gcc/i686-linux-gnu/4.9/lto-wrapper
Target: i686-linux-gnu
Configured with: ../src/configure -v --with-pkgversion='Endless 4.9.2-10ubuntu9endless2bem1' --with-bugurl=file:///usr/share/doc/gcc-4.9/README.Bugs --enable-languages=c,c++,java,go,d,fortran,objc,obj-c++ --prefix=/usr --program-suffix=-4.9 --enable-shared --enable-linker-build-id --libexecdir=/usr/lib --without-included-gettext --enable-threads=posix --with-gxx-include-dir=/usr/include/c++/4.9 --libdir=/usr/lib --enable-nls --with-sysroot=/ --enable-clocale=gnu --enable-libstdcxx-debug --enable-libstdcxx-time=yes --enable-gnu-unique-object --disable-vtable-verify --enable-plugin --with-system-zlib --disable-browser-plugin --enable-java-awt=gtk --enable-gtk-cairo --with-java-home=/usr/lib/jvm/java-1.5.0-gcj-4.9-i386/jre --enable-java-home --with-jvm-root-dir=/usr/lib/jvm/java-1.5.0-gcj-4.9-i386 --with-jvm-jar-dir=/usr/lib/jvm-exports/java-1.5.0-gcj-4.9-i386 --with-arch-directory=i386 --with-ecj-jar=/usr/share/java/eclipse-ecj.jar --enable-objc-gc --enable-targets=all --enable-multiarch --disable-werror --with-arch-32=i686 --with-multilib-list=m32,m64,mx32 --enable-multilib --with-tune=generic --enable-checking=release --build=i686-linux-gnu --host=i686-linux-gnu --target=i686-linux-gnu
Thread model: posix
gcc version 4.9.2 (Endless 4.9.2-10ubuntu9endless2bem1) 
configure:16486: $? = 0
configure:16475: gcc -V >&5
gcc: error: unrecognized command line option '-V'
gcc: fatal error: no input files
compilation terminated.
configure:16486: $? = 4
configure:16475: gcc -qversion >&5
gcc: error: unrecognized command line option '-qversion'
gcc: fatal error: no input files
compilation terminated.
configure:16486: $? = 4
configure:16490: checking whether we are using the GNU C compiler
configure:16518: result: yes
configure:16527: checking whether gcc accepts -g
configure:16588: result: yes
configure:16605: checking for gcc option to accept ISO C89
configure:16681: result: none needed
configure:16706: checking whether gcc understands -c and -o together
configure:16743: result: yes
configure:16762: checking dependency style of gcc
configure:16873: result: gcc3
configure:16959: checking if -lm is required for maths functions
configure:16981: g++ -o conftest -g -O2 -std=gnu++11   conftest.cpp  >&5
configure:16981: $? = 0
configure:16982: result: no
configure:17017: checking whether log2 is declared
configure:17017: g++ -c -g -O2 -std=gnu++11  conftest.cpp >&5
configure:17017: $? = 0
configure:17017: result: yes
configure:17030: checking if RTTI is supported
configure:17047: g++ -c -g -O2 -std=gnu++11 -qhaltonmsg=1540-2412  conftest.cpp >&5
g++: error: unrecognized command line option '-qhaltonmsg=1540-2412'
configure:17047: $? = 1
configure: failed program was:
| /* confdefs.h */
| #define PACKAGE_NAME "xapian-core"
| #define PACKAGE_TARNAME "xapian-core"
| #define PACKAGE_VERSION "1.3.3"
| #define PACKAGE_STRING "xapian-core 1.3.3"
| #define PACKAGE_BUGREPORT "http://xapian.org/bugs"
| #define PACKAGE_URL ""
| #define PACKAGE "xapian-core"
| #define VERSION "1.3.3"
| #define STDC_HEADERS 1
| #define HAVE_SYS_TYPES_H 1
| #define HAVE_SYS_STAT_H 1
| #define HAVE_STDLIB_H 1
| #define HAVE_STRING_H 1
| #define HAVE_MEMORY_H 1
| #define HAVE_STRINGS_H 1
| #define HAVE_INTTYPES_H 1
| #define HAVE_STDINT_H 1
| #define HAVE_UNISTD_H 1
| #define HAVE_DLFCN_H 1
| #define LT_OBJDIR ".libs/"
| #define HAVE_DECL_LOG2 1
| /* end confdefs.h.  */
| 
| int
| main ()
| {
| 
|   ;
|   return 0;
| }
configure:17076: g++ -c -g -O2 -std=gnu++11  conftest.cpp >&5
configure:17076: $? = 0
configure:17077: result: yes
configure:17092: checking for clock_gettime
configure:17092: g++ -o conftest -g -O2 -std=gnu++11   conftest.cpp  >&5
configure:17092: $? = 0
configure:17092: result: yes
configure:17092: checking for sleep
configure:17092: g++ -o conftest -g -O2 -std=gnu++11   conftest.cpp  >&5
configure:17092: $? = 0
configure:17092: result: yes
configure:17092: checking for nanosleep
configure:17092: g++ -o conftest -g -O2 -std=gnu++11   conftest.cpp  >&5
configure:17092: $? = 0
configure:17092: result: yes
configure:17092: checking for gettimeofday
configure:17092: g++ -o conftest -g -O2 -std=gnu++11   conftest.cpp  >&5
configure:17092: $? = 0
configure:17092: result: yes
configure:17092: checking for ftime
configure:17092: g++ -o conftest -g -O2 -std=gnu++11   conftest.cpp  >&5
configure:17092: $? = 0
configure:17092: result: yes
configure:17114: checking for library containing timer_create
configure:17145: g++ -o conftest -g -O2 -std=gnu++11   conftest.cpp  >&5
/tmp/ccd1wmNL.o: In function `main':
/home/enoch/checkout/xapian-core/xapian-core/conftest.cpp:41: undefined reference to `timer_create'
collect2: error: ld returned 1 exit status
configure:17145: $? = 1
configure: failed program was:
| /* confdefs.h */
| #define PACKAGE_NAME "xapian-core"
| #define PACKAGE_TARNAME "xapian-core"
| #define PACKAGE_VERSION "1.3.3"
| #define PACKAGE_STRING "xapian-core 1.3.3"
| #define PACKAGE_BUGREPORT "http://xapian.org/bugs"
| #define PACKAGE_URL ""
| #define PACKAGE "xapian-core"
| #define VERSION "1.3.3"
| #define STDC_HEADERS 1
| #define HAVE_SYS_TYPES_H 1
| #define HAVE_SYS_STAT_H 1
| #define HAVE_STDLIB_H 1
| #define HAVE_STRING_H 1
| #define HAVE_MEMORY_H 1
| #define HAVE_STRINGS_H 1
| #define HAVE_INTTYPES_H 1
| #define HAVE_STDINT_H 1
| #define HAVE_UNISTD_H 1
| #define HAVE_DLFCN_H 1
| #define LT_OBJDIR ".libs/"
| #define HAVE_DECL_LOG2 1
| #define USE_RTTI 1
| #define HAVE_CLOCK_GETTIME 1
| #define HAVE_SLEEP 1
| #define HAVE_NANOSLEEP 1
| #define HAVE_GETTIMEOFDAY 1
| #define HAVE_FTIME 1
| /* end confdefs.h.  */
| 
| /* Override any GCC internal prototype to avoid an error.
|    Use char because int might match the return type of a GCC
|    builtin and then its argument prototype would still apply.  */
| #ifdef __cplusplus
| extern "C"
| #endif
| char timer_create ();
| int
| main ()
| {
| return timer_create ();
|   ;
|   return 0;
| }
configure:17145: g++ -o conftest -g -O2 -std=gnu++11   conftest.cpp -lrt   >&5
configure:17145: $? = 0
configure:17162: result: -lrt
configure:17178: checking for srandom
configure:17178: g++ -o conftest -g -O2 -std=gnu++11   conftest.cpp  >&5
configure:17178: $? = 0
configure:17178: result: yes
configure:17178: checking for random
configure:17178: g++ -o conftest -g -O2 -std=gnu++11   conftest.cpp  >&5
configure:17178: $? = 0
configure:17178: result: yes
configure:17190: checking for sigaction
configure:17190: g++ -o conftest -g -O2 -std=gnu++11   conftest.cpp  >&5
configure:17190: $? = 0
configure:17190: result: yes
configure:17199: checking for sigsetjmp and siglongjmp
configure:17212: g++ -c -g -O2 -std=gnu++11  conftest.cpp >&5
configure:17212: $? = 0
configure:17216: result: yes
configure:17227: checking for getrusage
configure:17227: g++ -o conftest -g -O2 -std=gnu++11   conftest.cpp  >&5
configure:17227: $? = 0
configure:17227: result: yes
configure:17227: checking for times
configure:17227: g++ -o conftest -g -O2 -std=gnu++11   conftest.cpp  >&5
configure:17227: $? = 0
configure:17227: result: yes
configure:17227: checking for sysconf
configure:17227: g++ -o conftest -g -O2 -std=gnu++11   conftest.cpp  >&5
configure:17227: $? = 0
configure:17227: result: yes
configure:17240: checking for setenv
configure:17240: g++ -o conftest -g -O2 -std=gnu++11   conftest.cpp  >&5
configure:17240: $? = 0
configure:17240: result: yes
configure:17240: checking for _putenv_s
configure:17240: g++ -o conftest -g -O2 -std=gnu++11   conftest.cpp  >&5
/tmp/ccjZlZTk.o: In function `main':
/home/enoch/checkout/xapian-core/xapian-core/conftest.cpp:73: undefined reference to `_putenv_s'
collect2: error: ld returned 1 exit status
configure:17240: $? = 1
configure: failed program was:
| /* confdefs.h */
| #define PACKAGE_NAME "xapian-core"
| #define PACKAGE_TARNAME "xapian-core"
| #define PACKAGE_VERSION "1.3.3"
| #define PACKAGE_STRING "xapian-core 1.3.3"
| #define PACKAGE_BUGREPORT "http://xapian.org/bugs"
| #define PACKAGE_URL ""
| #define PACKAGE "xapian-core"
| #define VERSION "1.3.3"
| #define STDC_HEADERS 1
| #define HAVE_SYS_TYPES_H 1
| #define HAVE_SYS_STAT_H 1
| #define HAVE_STDLIB_H 1
| #define HAVE_STRING_H 1
| #define HAVE_MEMORY_H 1
| #define HAVE_STRINGS_H 1
| #define HAVE_INTTYPES_H 1
| #define HAVE_STDINT_H 1
| #define HAVE_UNISTD_H 1
| #define HAVE_DLFCN_H 1
| #define LT_OBJDIR ".libs/"
| #define HAVE_DECL_LOG2 1
| #define USE_RTTI 1
| #define HAVE_CLOCK_GETTIME 1
| #define HAVE_SLEEP 1
| #define HAVE_NANOSLEEP 1
| #define HAVE_GETTIMEOFDAY 1
| #define HAVE_FTIME 1
| #define HAVE_TIMER_CREATE 1
| #define HAVE_SRANDOM 1
| #define HAVE_RANDOM 1
| #define HAVE_SIGACTION 1
| #define HAVE_SIGSETJMP 1
| #define HAVE_GETRUSAGE 1
| #define HAVE_TIMES 1
| #define HAVE_SYSCONF 1
| #define HAVE_SETENV 1
| /* end confdefs.h.  */
| /* Define _putenv_s to an innocuous variant, in case <limits.h> declares _putenv_s.
|    For example, HP-UX 11i <limits.h> declares gettimeofday.  */
| #define _putenv_s innocuous__putenv_s
| 
| /* System header to define __stub macros and hopefully few prototypes,
|     which can conflict with char _putenv_s (); below.
|     Prefer <limits.h> to <assert.h> if __STDC__ is defined, since
|     <limits.h> exists even on freestanding compilers.  */
| 
| #ifdef __STDC__
| # include <limits.h>
| #else
| # include <assert.h>
| #endif
| 
| #undef _putenv_s
| 
| /* Override any GCC internal prototype to avoid an error.
|    Use char because int might match the return type of a GCC
|    builtin and then its argument prototype would still apply.  */
| #ifdef __cplusplus
| extern "C"
| #endif
| char _putenv_s ();
| /* The GNU C library defines this for functions which it implements
|     to always fail with ENOSYS.  Some functions are actually named
|     something starting with __ and the normal name is an alias.  */
| #if defined __stub__putenv_s || defined __stub____putenv_s
| choke me
| #endif
| 
| int
| main ()
| {
| return _putenv_s ();
|   ;
|   return 0;
| }
configure:17240: result: no
configure:17253: checking for closefrom
configure:17253: g++ -o conftest -g -O2 -std=gnu++11   conftest.cpp  >&5
/tmp/ccFSapqq.o: In function `main':
/home/enoch/checkout/xapian-core/xapian-core/conftest.cpp:73: undefined reference to `closefrom'
collect2: error: ld returned 1 exit status
configure:17253: $? = 1
configure: failed program was:
| /* confdefs.h */
| #define PACKAGE_NAME "xapian-core"
| #define PACKAGE_TARNAME "xapian-core"
| #define PACKAGE_VERSION "1.3.3"
| #define PACKAGE_STRING "xapian-core 1.3.3"
| #define PACKAGE_BUGREPORT "http://xapian.org/bugs"
| #define PACKAGE_URL ""
| #define PACKAGE "xapian-core"
| #define VERSION "1.3.3"
| #define STDC_HEADERS 1
| #define HAVE_SYS_TYPES_H 1
| #define HAVE_SYS_STAT_H 1
| #define HAVE_STDLIB_H 1
| #define HAVE_STRING_H 1
| #define HAVE_MEMORY_H 1
| #define HAVE_STRINGS_H 1
| #define HAVE_INTTYPES_H 1
| #define HAVE_STDINT_H 1
| #define HAVE_UNISTD_H 1
| #define HAVE_DLFCN_H 1
| #define LT_OBJDIR ".libs/"
| #define HAVE_DECL_LOG2 1
| #define USE_RTTI 1
| #define HAVE_CLOCK_GETTIME 1
| #define HAVE_SLEEP 1
| #define HAVE_NANOSLEEP 1
| #define HAVE_GETTIMEOFDAY 1
| #define HAVE_FTIME 1
| #define HAVE_TIMER_CREATE 1
| #define HAVE_SRANDOM 1
| #define HAVE_RANDOM 1
| #define HAVE_SIGACTION 1
| #define HAVE_SIGSETJMP 1
| #define HAVE_GETRUSAGE 1
| #define HAVE_TIMES 1
| #define HAVE_SYSCONF 1
| #define HAVE_SETENV 1
| /* end confdefs.h.  */
| /* Define closefrom to an innocuous variant, in case <limits.h> declares closefrom.
|    For example, HP-UX 11i <limits.h> declares gettimeofday.  */
| #define closefrom innocuous_closefrom
| 
| /* System header to define __stub macros and hopefully few prototypes,
|     which can conflict with char closefrom (); below.
|     Prefer <limits.h> to <assert.h> if __STDC__ is defined, since
|     <limits.h> exists even on freestanding compilers.  */
| 
| #ifdef __STDC__
| # include <limits.h>
| #else
| # include <assert.h>
| #endif
| 
| #undef closefrom
| 
| /* Override any GCC internal prototype to avoid an error.
|    Use char because int might match the return type of a GCC
|    builtin and then its argument prototype would still apply.  */
| #ifdef __cplusplus
| extern "C"
| #endif
| char closefrom ();
| /* The GNU C library defines this for functions which it implements
|     to always fail with ENOSYS.  Some functions are actually named
|     something starting with __ and the normal name is an alias.  */
| #if defined __stub_closefrom || defined __stub___closefrom
| choke me
| #endif
| 
| int
| main ()
| {
| return closefrom ();
|   ;
|   return 0;
| }
configure:17253: result: no
configure:17253: checking for dirfd
configure:17253: g++ -o conftest -g -O2 -std=gnu++11   conftest.cpp  >&5
configure:17253: $? = 0
configure:17253: result: yes
configure:17253: checking for getrlimit
configure:17253: g++ -o conftest -g -O2 -std=gnu++11   conftest.cpp  >&5
configure:17253: $? = 0
configure:17253: result: yes
configure:17263: checking return type of ftime
configure:17277: g++ -c -g -O2 -std=gnu++11  conftest.cpp >&5
configure:17277: $? = 0
configure:17278: result: int
configure:17292: checking for sys/utsname.h
configure:17292: g++ -c -g -O2 -std=gnu++11  conftest.cpp >&5
configure:17292: $? = 0
configure:17292: result: yes
configure:17305: checking for gethostname
configure:17305: g++ -o conftest -g -O2 -std=gnu++11   conftest.cpp  >&5
configure:17305: $? = 0
configure:17305: result: yes
configure:17315: checking for ssize_t
configure:17315: g++ -c -g -O2 -std=gnu++11  conftest.cpp >&5
configure:17315: $? = 0
configure:17315: g++ -c -g -O2 -std=gnu++11  conftest.cpp >&5
conftest.cpp: In function 'int main()':
conftest.cpp:79:21: error: expected primary-expression before ')' token
 if (sizeof ((ssize_t)))
                     ^
configure:17315: $? = 1
configure: failed program was:
| /* confdefs.h */
| #define PACKAGE_NAME "xapian-core"
| #define PACKAGE_TARNAME "xapian-core"
| #define PACKAGE_VERSION "1.3.3"
| #define PACKAGE_STRING "xapian-core 1.3.3"
| #define PACKAGE_BUGREPORT "http://xapian.org/bugs"
| #define PACKAGE_URL ""
| #define PACKAGE "xapian-core"
| #define VERSION "1.3.3"
| #define STDC_HEADERS 1
| #define HAVE_SYS_TYPES_H 1
| #define HAVE_SYS_STAT_H 1
| #define HAVE_STDLIB_H 1
| #define HAVE_STRING_H 1
| #define HAVE_MEMORY_H 1
| #define HAVE_STRINGS_H 1
| #define HAVE_INTTYPES_H 1
| #define HAVE_STDINT_H 1
| #define HAVE_UNISTD_H 1
| #define HAVE_DLFCN_H 1
| #define LT_OBJDIR ".libs/"
| #define HAVE_DECL_LOG2 1
| #define USE_RTTI 1
| #define HAVE_CLOCK_GETTIME 1
| #define HAVE_SLEEP 1
| #define HAVE_NANOSLEEP 1
| #define HAVE_GETTIMEOFDAY 1
| #define HAVE_FTIME 1
| #define HAVE_TIMER_CREATE 1
| #define HAVE_SRANDOM 1
| #define HAVE_RANDOM 1
| #define HAVE_SIGACTION 1
| #define HAVE_SIGSETJMP 1
| #define HAVE_GETRUSAGE 1
| #define HAVE_TIMES 1
| #define HAVE_SYSCONF 1
| #define HAVE_SETENV 1
| #define HAVE_DIRFD 1
| #define HAVE_GETRLIMIT 1
| #define HAVE_SYS_UTSNAME_H 1
| #define HAVE_GETHOSTNAME 1
| /* end confdefs.h.  */
| #include <stdio.h>
| #ifdef HAVE_SYS_TYPES_H
| # include <sys/types.h>
| #endif
| #ifdef HAVE_SYS_STAT_H
| # include <sys/stat.h>
| #endif
| #ifdef STDC_HEADERS
| # include <stdlib.h>
| # include <stddef.h>
| #else
| # ifdef HAVE_STDLIB_H
| #  include <stdlib.h>
| # endif
| #endif
| #ifdef HAVE_STRING_H
| # if !defined STDC_HEADERS && defined HAVE_MEMORY_H
| #  include <memory.h>
| # endif
| # include <string.h>
| #endif
| #ifdef HAVE_STRINGS_H
| # include <strings.h>
| #endif
| #ifdef HAVE_INTTYPES_H
| # include <inttypes.h>
| #endif
| #ifdef HAVE_STDINT_H
| # include <stdint.h>
| #endif
| #ifdef HAVE_UNISTD_H
| # include <unistd.h>
| #endif
| int
| main ()
| {
| if (sizeof ((ssize_t)))
| 	    return 0;
|   ;
|   return 0;
| }
configure:17315: result: yes
configure:17327: checking for pid_t
configure:17327: g++ -c -g -O2 -std=gnu++11  conftest.cpp >&5
configure:17327: $? = 0
configure:17327: g++ -c -g -O2 -std=gnu++11  conftest.cpp >&5
conftest.cpp: In function 'int main()':
conftest.cpp:79:19: error: expected primary-expression before ')' token
 if (sizeof ((pid_t)))
                   ^
configure:17327: $? = 1
configure: failed program was:
| /* confdefs.h */
| #define PACKAGE_NAME "xapian-core"
| #define PACKAGE_TARNAME "xapian-core"
| #define PACKAGE_VERSION "1.3.3"
| #define PACKAGE_STRING "xapian-core 1.3.3"
| #define PACKAGE_BUGREPORT "http://xapian.org/bugs"
| #define PACKAGE_URL ""
| #define PACKAGE "xapian-core"
| #define VERSION "1.3.3"
| #define STDC_HEADERS 1
| #define HAVE_SYS_TYPES_H 1
| #define HAVE_SYS_STAT_H 1
| #define HAVE_STDLIB_H 1
| #define HAVE_STRING_H 1
| #define HAVE_MEMORY_H 1
| #define HAVE_STRINGS_H 1
| #define HAVE_INTTYPES_H 1
| #define HAVE_STDINT_H 1
| #define HAVE_UNISTD_H 1
| #define HAVE_DLFCN_H 1
| #define LT_OBJDIR ".libs/"
| #define HAVE_DECL_LOG2 1
| #define USE_RTTI 1
| #define HAVE_CLOCK_GETTIME 1
| #define HAVE_SLEEP 1
| #define HAVE_NANOSLEEP 1
| #define HAVE_GETTIMEOFDAY 1
| #define HAVE_FTIME 1
| #define HAVE_TIMER_CREATE 1
| #define HAVE_SRANDOM 1
| #define HAVE_RANDOM 1
| #define HAVE_SIGACTION 1
| #define HAVE_SIGSETJMP 1
| #define HAVE_GETRUSAGE 1
| #define HAVE_TIMES 1
| #define HAVE_SYSCONF 1
| #define HAVE_SETENV 1
| #define HAVE_DIRFD 1
| #define HAVE_GETRLIMIT 1
| #define HAVE_SYS_UTSNAME_H 1
| #define HAVE_GETHOSTNAME 1
| /* end confdefs.h.  */
| #include <stdio.h>
| #ifdef HAVE_SYS_TYPES_H
| # include <sys/types.h>
| #endif
| #ifdef HAVE_SYS_STAT_H
| # include <sys/stat.h>
| #endif
| #ifdef STDC_HEADERS
| # include <stdlib.h>
| # include <stddef.h>
| #else
| # ifdef HAVE_STDLIB_H
| #  include <stdlib.h>
| # endif
| #endif
| #ifdef HAVE_STRING_H
| # if !defined STDC_HEADERS && defined HAVE_MEMORY_H
| #  include <memory.h>
| # endif
| # include <string.h>
| #endif
| #ifdef HAVE_STRINGS_H
| # include <strings.h>
| #endif
| #ifdef HAVE_INTTYPES_H
| # include <inttypes.h>
| #endif
| #ifdef HAVE_STDINT_H
| # include <stdint.h>
| #endif
| #ifdef HAVE_UNISTD_H
| # include <unistd.h>
| #endif
| int
| main ()
| {
| if (sizeof ((pid_t)))
| 	    return 0;
|   ;
|   return 0;
| }
configure:17327: result: yes
configure:17339: checking for mode_t
configure:17339: g++ -c -g -O2 -std=gnu++11  conftest.cpp >&5
configure:17339: $? = 0
configure:17339: g++ -c -g -O2 -std=gnu++11  conftest.cpp >&5
conftest.cpp: In function 'int main()':
conftest.cpp:79:20: error: expected primary-expression before ')' token
 if (sizeof ((mode_t)))
                    ^
configure:17339: $? = 1
configure: failed program was:
| /* confdefs.h */
| #define PACKAGE_NAME "xapian-core"
| #define PACKAGE_TARNAME "xapian-core"
| #define PACKAGE_VERSION "1.3.3"
| #define PACKAGE_STRING "xapian-core 1.3.3"
| #define PACKAGE_BUGREPORT "http://xapian.org/bugs"
| #define PACKAGE_URL ""
| #define PACKAGE "xapian-core"
| #define VERSION "1.3.3"
| #define STDC_HEADERS 1
| #define HAVE_SYS_TYPES_H 1
| #define HAVE_SYS_STAT_H 1
| #define HAVE_STDLIB_H 1
| #define HAVE_STRING_H 1
| #define HAVE_MEMORY_H 1
| #define HAVE_STRINGS_H 1
| #define HAVE_INTTYPES_H 1
| #define HAVE_STDINT_H 1
| #define HAVE_UNISTD_H 1
| #define HAVE_DLFCN_H 1
| #define LT_OBJDIR ".libs/"
| #define HAVE_DECL_LOG2 1
| #define USE_RTTI 1
| #define HAVE_CLOCK_GETTIME 1
| #define HAVE_SLEEP 1
| #define HAVE_NANOSLEEP 1
| #define HAVE_GETTIMEOFDAY 1
| #define HAVE_FTIME 1
| #define HAVE_TIMER_CREATE 1
| #define HAVE_SRANDOM 1
| #define HAVE_RANDOM 1
| #define HAVE_SIGACTION 1
| #define HAVE_SIGSETJMP 1
| #define HAVE_GETRUSAGE 1
| #define HAVE_TIMES 1
| #define HAVE_SYSCONF 1
| #define HAVE_SETENV 1
| #define HAVE_DIRFD 1
| #define HAVE_GETRLIMIT 1
| #define HAVE_SYS_UTSNAME_H 1
| #define HAVE_GETHOSTNAME 1
| /* end confdefs.h.  */
| #include <stdio.h>
| #ifdef HAVE_SYS_TYPES_H
| # include <sys/types.h>
| #endif
| #ifdef HAVE_SYS_STAT_H
| # include <sys/stat.h>
| #endif
| #ifdef STDC_HEADERS
| # include <stdlib.h>
| # include <stddef.h>
| #else
| # ifdef HAVE_STDLIB_H
| #  include <stdlib.h>
| # endif
| #endif
| #ifdef HAVE_STRING_H
| # if !defined STDC_HEADERS && defined HAVE_MEMORY_H
| #  include <memory.h>
| # endif
| # include <string.h>
| #endif
| #ifdef HAVE_STRINGS_H
| # include <strings.h>
| #endif
| #ifdef HAVE_INTTYPES_H
| # include <inttypes.h>
| #endif
| #ifdef HAVE_STDINT_H
| # include <stdint.h>
| #endif
| #ifdef HAVE_UNISTD_H
| # include <unistd.h>
| #endif
| int
| main ()
| {
| if (sizeof ((mode_t)))
| 	    return 0;
|   ;
|   return 0;
| }
configure:17339: result: yes
configure:17355: checking size of short
configure:17360: g++ -o conftest -g -O2 -std=gnu++11   conftest.cpp  >&5
configure:17360: $? = 0
configure:17360: ./conftest
configure:17360: $? = 0
configure:17374: result: 2
configure:17388: checking size of int
configure:17393: g++ -o conftest -g -O2 -std=gnu++11   conftest.cpp  >&5
configure:17393: $? = 0
configure:17393: ./conftest
configure:17393: $? = 0
configure:17407: result: 4
configure:17421: checking size of long
configure:17426: g++ -o conftest -g -O2 -std=gnu++11   conftest.cpp  >&5
configure:17426: $? = 0
configure:17426: ./conftest
configure:17426: $? = 0
configure:17440: result: 4
configure:17453: checking for perl
configure:17471: found /usr/bin/perl
configure:17483: result: /usr/bin/perl
configure:17744: checking for fcntl.h
configure:17744: g++ -c -g -O2 -std=gnu++11  conftest.cpp >&5
configure:17744: $? = 0
configure:17744: result: yes
configure:17744: checking for limits.h
configure:17744: g++ -c -g -O2 -std=gnu++11  conftest.cpp >&5
configure:17744: $? = 0
configure:17744: result: yes
configure:17744: checking for sys/errno.h
configure:17744: g++ -c -g -O2 -std=gnu++11  conftest.cpp >&5
configure:17744: $? = 0
configure:17744: result: yes
configure:17744: checking for sys/select.h
configure:17744: g++ -c -g -O2 -std=gnu++11  conftest.cpp >&5
configure:17744: $? = 0
configure:17744: result: yes
configure:17757: checking for sys/resource.h
configure:17757: g++ -c -g -O2 -std=gnu++11  conftest.cpp >&5
configure:17757: $? = 0
configure:17757: result: yes
configure:17772: checking for valgrind
configure:17790: found /usr/bin/valgrind
configure:17802: result: /usr/bin/valgrind
configure:17811: checking if valgrind supports --log-file with %p
configure:17826: result: yes
configure:17830: checking for valgrind/memcheck.h
configure:17830: g++ -c -g -O2 -std=gnu++11  conftest.cpp >&5
configure:17830: $? = 0
configure:17830: result: yes
configure:17862: checking for eatmydata
configure:17895: result: no
configure:17902: checking for working memcmp
configure:17945: g++ -o conftest -g -O2 -std=gnu++11   conftest.cpp  >&5
configure:17945: $? = 0
configure:17945: ./conftest
configure:17945: $? = 0
configure:17955: result: yes
configure:17964: checking whether strerror_r is declared
configure:17964: g++ -c -g -O2 -std=gnu++11  conftest.cpp >&5
configure:17964: $? = 0
configure:17964: result: yes
configure:17977: checking for strerror_r
configure:17977: g++ -o conftest -g -O2 -std=gnu++11   conftest.cpp  >&5
configure:17977: $? = 0
configure:17977: result: yes
configure:17986: checking whether strerror_r returns char *
configure:18010: g++ -c -g -O2 -std=gnu++11  conftest.cpp >&5
configure:18010: $? = 0
configure:18048: result: yes
configure:18056: checking whether sys_errlist is declared
configure:18056: g++ -c -g -O2 -std=gnu++11  conftest.cpp >&5
configure:18056: $? = 0
configure:18056: result: yes
configure:18066: checking whether _sys_errlist is declared
configure:18066: g++ -c -g -O2 -std=gnu++11  conftest.cpp >&5
configure:18066: $? = 0
configure:18066: result: yes
configure:18076: checking whether sys_nerr is declared
configure:18076: g++ -c -g -O2 -std=gnu++11  conftest.cpp >&5
configure:18076: $? = 0
configure:18076: result: yes
configure:18086: checking whether _sys_nerr is declared
configure:18086: g++ -c -g -O2 -std=gnu++11  conftest.cpp >&5
configure:18086: $? = 0
configure:18086: result: yes
configure:18098: checking for working ISO C90 conforming snprintf
configure:18132: g++ -o conftest -g -O2 -std=gnu++11   conftest.cpp  >&5
configure:18132: $? = 0
configure:18132: ./conftest
configure:18132: $? = 0
configure:18147: result: snprintf
configure:18234: checking for zlib.h
configure:18234: g++ -c -g -O2 -std=gnu++11  conftest.cpp >&5
configure:18234: $? = 0
configure:18234: result: yes
configure:18251: checking for library containing zlibVersion
configure:18282: g++ -o conftest -g -O2 -std=gnu++11   conftest.cpp  >&5
/tmp/cc5539YK.o: In function `main':
/home/enoch/checkout/xapian-core/xapian-core/conftest.cpp:74: undefined reference to `zlibVersion'
collect2: error: ld returned 1 exit status
configure:18282: $? = 1
configure: failed program was:
| /* confdefs.h */
| #define PACKAGE_NAME "xapian-core"
| #define PACKAGE_TARNAME "xapian-core"
| #define PACKAGE_VERSION "1.3.3"
| #define PACKAGE_STRING "xapian-core 1.3.3"
| #define PACKAGE_BUGREPORT "http://xapian.org/bugs"
| #define PACKAGE_URL ""
| #define PACKAGE "xapian-core"
| #define VERSION "1.3.3"
| #define STDC_HEADERS 1
| #define HAVE_SYS_TYPES_H 1
| #define HAVE_SYS_STAT_H 1
| #define HAVE_STDLIB_H 1
| #define HAVE_STRING_H 1
| #define HAVE_MEMORY_H 1
| #define HAVE_STRINGS_H 1
| #define HAVE_INTTYPES_H 1
| #define HAVE_STDINT_H 1
| #define HAVE_UNISTD_H 1
| #define HAVE_DLFCN_H 1
| #define LT_OBJDIR ".libs/"
| #define HAVE_DECL_LOG2 1
| #define USE_RTTI 1
| #define HAVE_CLOCK_GETTIME 1
| #define HAVE_SLEEP 1
| #define HAVE_NANOSLEEP 1
| #define HAVE_GETTIMEOFDAY 1
| #define HAVE_FTIME 1
| #define HAVE_TIMER_CREATE 1
| #define HAVE_SRANDOM 1
| #define HAVE_RANDOM 1
| #define HAVE_SIGACTION 1
| #define HAVE_SIGSETJMP 1
| #define HAVE_GETRUSAGE 1
| #define HAVE_TIMES 1
| #define HAVE_SYSCONF 1
| #define HAVE_SETENV 1
| #define HAVE_DIRFD 1
| #define HAVE_GETRLIMIT 1
| #define HAVE_SYS_UTSNAME_H 1
| #define HAVE_GETHOSTNAME 1
| #define SIZEOF_SHORT 2
| #define SIZEOF_INT 4
| #define SIZEOF_LONG 4
| #define HAVE_FCNTL_H 1
| #define HAVE_LIMITS_H 1
| #define HAVE_SYS_ERRNO_H 1
| #define HAVE_SYS_SELECT_H 1
| #define HAVE_SYS_RESOURCE_H 1
| #define HAVE_VALGRIND_MEMCHECK_H 1
| #define HAVE_VALGRIND 1
| #define HAVE_DECL_STRERROR_R 1
| #define HAVE_STRERROR_R 1
| #define STRERROR_R_CHAR_P 1
| #define HAVE_DECL_SYS_ERRLIST 1
| #define HAVE_DECL__SYS_ERRLIST 1
| #define HAVE_DECL_SYS_NERR 1
| #define HAVE_DECL__SYS_NERR 1
| #define SNPRINTF_ISO snprintf
| #define SNPRINTF snprintf
| #define HAVE_ZLIB_H 1
| /* end confdefs.h.  */
| 
| /* Override any GCC internal prototype to avoid an error.
|    Use char because int might match the return type of a GCC
|    builtin and then its argument prototype would still apply.  */
| #ifdef __cplusplus
| extern "C"
| #endif
| char zlibVersion ();
| int
| main ()
| {
| return zlibVersion ();
|   ;
|   return 0;
| }
configure:18282: g++ -o conftest -g -O2 -std=gnu++11   conftest.cpp -lz   >&5
configure:18282: $? = 0
configure:18299: result: -lz
configure:18323: checking for uuid/uuid.h
configure:18323: g++ -c -g -O2 -std=gnu++11  conftest.cpp >&5
configure:18323: $? = 0
configure:18323: result: yes
configure:18331: checking for library containing uuid_generate
configure:18362: g++ -o conftest -g -O2 -std=gnu++11   conftest.cpp  >&5
/tmp/ccBtW9cU.o: In function `main':
/home/enoch/checkout/xapian-core/xapian-core/conftest.cpp:75: undefined reference to `uuid_generate'
collect2: error: ld returned 1 exit status
configure:18362: $? = 1
configure: failed program was:
| /* confdefs.h */
| #define PACKAGE_NAME "xapian-core"
| #define PACKAGE_TARNAME "xapian-core"
| #define PACKAGE_VERSION "1.3.3"
| #define PACKAGE_STRING "xapian-core 1.3.3"
| #define PACKAGE_BUGREPORT "http://xapian.org/bugs"
| #define PACKAGE_URL ""
| #define PACKAGE "xapian-core"
| #define VERSION "1.3.3"
| #define STDC_HEADERS 1
| #define HAVE_SYS_TYPES_H 1
| #define HAVE_SYS_STAT_H 1
| #define HAVE_STDLIB_H 1
| #define HAVE_STRING_H 1
| #define HAVE_MEMORY_H 1
| #define HAVE_STRINGS_H 1
| #define HAVE_INTTYPES_H 1
| #define HAVE_STDINT_H 1
| #define HAVE_UNISTD_H 1
| #define HAVE_DLFCN_H 1
| #define LT_OBJDIR ".libs/"
| #define HAVE_DECL_LOG2 1
| #define USE_RTTI 1
| #define HAVE_CLOCK_GETTIME 1
| #define HAVE_SLEEP 1
| #define HAVE_NANOSLEEP 1
| #define HAVE_GETTIMEOFDAY 1
| #define HAVE_FTIME 1
| #define HAVE_TIMER_CREATE 1
| #define HAVE_SRANDOM 1
| #define HAVE_RANDOM 1
| #define HAVE_SIGACTION 1
| #define HAVE_SIGSETJMP 1
| #define HAVE_GETRUSAGE 1
| #define HAVE_TIMES 1
| #define HAVE_SYSCONF 1
| #define HAVE_SETENV 1
| #define HAVE_DIRFD 1
| #define HAVE_GETRLIMIT 1
| #define HAVE_SYS_UTSNAME_H 1
| #define HAVE_GETHOSTNAME 1
| #define SIZEOF_SHORT 2
| #define SIZEOF_INT 4
| #define SIZEOF_LONG 4
| #define HAVE_FCNTL_H 1
| #define HAVE_LIMITS_H 1
| #define HAVE_SYS_ERRNO_H 1
| #define HAVE_SYS_SELECT_H 1
| #define HAVE_SYS_RESOURCE_H 1
| #define HAVE_VALGRIND_MEMCHECK_H 1
| #define HAVE_VALGRIND 1
| #define HAVE_DECL_STRERROR_R 1
| #define HAVE_STRERROR_R 1
| #define STRERROR_R_CHAR_P 1
| #define HAVE_DECL_SYS_ERRLIST 1
| #define HAVE_DECL__SYS_ERRLIST 1
| #define HAVE_DECL_SYS_NERR 1
| #define HAVE_DECL__SYS_NERR 1
| #define SNPRINTF_ISO snprintf
| #define SNPRINTF snprintf
| #define HAVE_ZLIB_H 1
| #define HAVE_UUID_UUID_H 1
| /* end confdefs.h.  */
| 
| /* Override any GCC internal prototype to avoid an error.
|    Use char because int might match the return type of a GCC
|    builtin and then its argument prototype would still apply.  */
| #ifdef __cplusplus
| extern "C"
| #endif
| char uuid_generate ();
| int
| main ()
| {
| return uuid_generate ();
|   ;
|   return 0;
| }
configure:18362: g++ -o conftest -g -O2 -std=gnu++11   conftest.cpp -luuid   >&5
configure:18362: $? = 0
configure:18379: result: -luuid
configure:18450: g++ -o conftest -g -O2 -std=gnu++11   conftest.cpp -luuid  >&5
configure:18450: $? = 0
configure:18482: g++ -E  conftest.cpp
configure:18482: $? = 0
configure:18509: checking for fork
configure:18509: g++ -o conftest -g -O2 -std=gnu++11   conftest.cpp  >&5
configure:18509: $? = 0
configure:18509: result: yes
configure:18522: checking for library containing socketpair
configure:18553: g++ -o conftest -g -O2 -std=gnu++11   conftest.cpp  >&5
configure:18553: $? = 0
configure:18570: result: none required
configure:18585: checking for library containing getaddrinfo
configure:18616: g++ -o conftest -g -O2 -std=gnu++11   conftest.cpp  >&5
configure:18616: $? = 0
configure:18633: result: none required
configure:18645: checking for library containing inet_ntop
configure:18676: g++ -o conftest -g -O2 -std=gnu++11   conftest.cpp  >&5
configure:18676: $? = 0
configure:18693: result: none required
configure:18712: checking for type to use for 5th parameter to getsockopt
configure:18740: g++ -c -g -O2 -std=gnu++11  conftest.cpp >&5
configure:18740: $? = 0
configure:18756: result: socklen_t
configure:18849: checking whether fdatasync is declared
configure:18849: g++ -c -g -O2 -std=gnu++11  conftest.cpp >&5
configure:18849: $? = 0
configure:18849: result: yes
configure:18855: checking for library containing fdatasync
configure:18886: g++ -o conftest -g -O2 -std=gnu++11   conftest.cpp  >&5
configure:18886: $? = 0
configure:18903: result: none required
configure:18914: checking for fdatasync
configure:18914: g++ -o conftest -g -O2 -std=gnu++11   conftest.cpp  >&5
configure:18914: $? = 0
configure:18914: result: yes
configure:18931: checking for fsync
configure:18931: g++ -o conftest -g -O2 -std=gnu++11   conftest.cpp  >&5
configure:18931: $? = 0
configure:18931: result: yes
configure:18942: checking for posix_fadvise
configure:18942: g++ -o conftest -g -O2 -std=gnu++11   conftest.cpp  >&5
configure:18942: $? = 0
configure:18942: result: yes
configure:18964: checking for pread
configure:18964: g++ -o conftest -g -O2 -std=gnu++11   conftest.cpp  >&5
configure:18964: $? = 0
configure:18964: result: yes
configure:18969: checking for any prototype needed for pread
configure:18996: g++ -c -g -O2 -std=gnu++11  conftest.cpp >&5
configure:18996: $? = 0
configure:19013: result: none required
configure:19027: checking for pwrite
configure:19027: g++ -o conftest -g -O2 -std=gnu++11   conftest.cpp  >&5
configure:19027: $? = 0
configure:19027: result: yes
configure:19032: checking for any prototype needed for pwrite
configure:19059: g++ -c -g -O2 -std=gnu++11  conftest.cpp >&5
configure:19059: $? = 0
configure:19076: result: none required
configure:19095: checking for link
configure:19095: g++ -o conftest -g -O2 -std=gnu++11   conftest.cpp  >&5
configure:19095: $? = 0
configure:19095: result: yes
configure:19155: checking for version of g++
configure:19158: result: GCC 4.9.2
configure:19192: checking if g++ -fvisibility=hidden works
configure:19195: result: yes
configure:19238: checking for g++ -Wl,-Bsymbolic-functions
/usr/lib/gcc/i686-linux-gnu/4.9/../../../i386-linux-gnu/crt1.o: In function `_start':
/usr/src/packages/BUILD/glibc-2.19/csu/../sysdeps/i386/start.S:111: undefined reference to `main'
collect2: error: ld returned 1 exit status
configure:19255: result: yes
configure:19260: checking whether to use SSE instructions on x86
configure:19271: result: yes (configure with --disable-sse to disable)
configure:19321: checking for special C compiler options needed for large files
configure:19366: result: no
configure:19372: checking for _FILE_OFFSET_BITS value needed for large files
configure:19397: g++ -c -g -O2 -std=gnu++11  conftest.cpp >&5
conftest.cpp:82:17: error: size of array 'off_t_is_large' is negative
         ? 1 : -1];
                 ^
configure:19397: $? = 1
configure: failed program was:
| /* confdefs.h */
| #define PACKAGE_NAME "xapian-core"
| #define PACKAGE_TARNAME "xapian-core"
| #define PACKAGE_VERSION "1.3.3"
| #define PACKAGE_STRING "xapian-core 1.3.3"
| #define PACKAGE_BUGREPORT "http://xapian.org/bugs"
| #define PACKAGE_URL ""
| #define PACKAGE "xapian-core"
| #define VERSION "1.3.3"
| #define STDC_HEADERS 1
| #define HAVE_SYS_TYPES_H 1
| #define HAVE_SYS_STAT_H 1
| #define HAVE_STDLIB_H 1
| #define HAVE_STRING_H 1
| #define HAVE_MEMORY_H 1
| #define HAVE_STRINGS_H 1
| #define HAVE_INTTYPES_H 1
| #define HAVE_STDINT_H 1
| #define HAVE_UNISTD_H 1
| #define HAVE_DLFCN_H 1
| #define LT_OBJDIR ".libs/"
| #define HAVE_DECL_LOG2 1
| #define USE_RTTI 1
| #define HAVE_CLOCK_GETTIME 1
| #define HAVE_SLEEP 1
| #define HAVE_NANOSLEEP 1
| #define HAVE_GETTIMEOFDAY 1
| #define HAVE_FTIME 1
| #define HAVE_TIMER_CREATE 1
| #define HAVE_SRANDOM 1
| #define HAVE_RANDOM 1
| #define HAVE_SIGACTION 1
| #define HAVE_SIGSETJMP 1
| #define HAVE_GETRUSAGE 1
| #define HAVE_TIMES 1
| #define HAVE_SYSCONF 1
| #define HAVE_SETENV 1
| #define HAVE_DIRFD 1
| #define HAVE_GETRLIMIT 1
| #define HAVE_SYS_UTSNAME_H 1
| #define HAVE_GETHOSTNAME 1
| #define SIZEOF_SHORT 2
| #define SIZEOF_INT 4
| #define SIZEOF_LONG 4
| #define HAVE_FCNTL_H 1
| #define HAVE_LIMITS_H 1
| #define HAVE_SYS_ERRNO_H 1
| #define HAVE_SYS_SELECT_H 1
| #define HAVE_SYS_RESOURCE_H 1
| #define HAVE_VALGRIND_MEMCHECK_H 1
| #define HAVE_VALGRIND 1
| #define HAVE_DECL_STRERROR_R 1
| #define HAVE_STRERROR_R 1
| #define STRERROR_R_CHAR_P 1
| #define HAVE_DECL_SYS_ERRLIST 1
| #define HAVE_DECL__SYS_ERRLIST 1
| #define HAVE_DECL_SYS_NERR 1
| #define HAVE_DECL__SYS_NERR 1
| #define SNPRINTF_ISO snprintf
| #define SNPRINTF snprintf
| #define HAVE_ZLIB_H 1
| #define HAVE_UUID_UUID_H 1
| #define HAVE_UUID_UNPARSE_LOWER 1
| #define HAVE_FORK 1
| #define HAVE_SOCKETPAIR 1
| #define SOCKLEN_T socklen_t
| #define HAVE_FDATASYNC 1
| #define HAVE_FSYNC 1
| #define HAVE_POSIX_FADVISE 1
| #define HAVE_PREAD 1
| #define HAVE_PWRITE 1
| #define HAVE_LINK 1
| /* end confdefs.h.  */
| #include <sys/types.h>
|  /* Check that off_t can represent 2**63 - 1 correctly.
|     We can't simply define LARGE_OFF_T to be 9223372036854775807,
|     since some C++ compilers masquerading as C compilers
|     incorrectly reject 9223372036854775807.  */
| #define LARGE_OFF_T ((((off_t) 1 << 31) << 31) - 1 + (((off_t) 1 << 31) << 31))
|   int off_t_is_large[(LARGE_OFF_T % 2147483629 == 721
| 		       && LARGE_OFF_T % 2147483647 == 1)
| 		      ? 1 : -1];
| int
| main ()
| {
| 
|   ;
|   return 0;
| }
configure:19421: g++ -c -g -O2 -std=gnu++11  conftest.cpp >&5
configure:19421: $? = 0
configure:19429: result: 64
configure:19660: checking that generated files are newer than configure
configure:19666: result: done
configure:19741: creating ./config.status

## ---------------------- ##
## Running config.status. ##
## ---------------------- ##

This file was extended by xapian-core config.status 1.3.3, which was
generated by GNU Autoconf 2.69.  Invocation command line was

  CONFIG_FILES    = 
  CONFIG_HEADERS  = 
  CONFIG_LINKS    = 
  CONFIG_COMMANDS = 
  $ ./config.status 

on qwghlm

config.status:1259: creating Makefile
config.status:1259: creating docs/Makefile
config.status:1259: creating docs/doxygen_api.conf
config.status:1259: creating docs/doxygen_source.conf
config.status:1259: creating xapian-core.spec
config.status:1259: creating cmake/xapian-config.cmake
config.status:1259: creating cmake/xapian-config-version.cmake
config.status:1259: creating pkgconfig/xapian-core-1.3.pc
config.status:1259: creating tests/runtest
config.status:1259: creating tests/runsrv
config.status:1259: creating tests/submitperftest
config.status:1259: creating tests/perftest/get_machine_info
config.status:1259: creating xapian-config
config.status:1259: creating makemanpage
config.status:1259: creating config.h
config.status:1488: executing depfiles commands
config.status:1488: executing libtool commands
configure:22281: g++ -c -g -O2 -std=gnu++11  conftest.cpp >&5
configure:22281: $? = 0

## ---------------- ##
## Cache variables. ##
## ---------------- ##

ac_cv_build=i686-pc-linux-gnu
ac_cv_c_compiler_gnu=yes
ac_cv_cxx_compiler_gnu=yes
ac_cv_env_CCC_set=
ac_cv_env_CCC_value=
ac_cv_env_CC_FOR_BUILD_set=
ac_cv_env_CC_FOR_BUILD_value=
ac_cv_env_CC_set=
ac_cv_env_CC_value=
ac_cv_env_CFLAGS_set=
ac_cv_env_CFLAGS_value=
ac_cv_env_CPPFLAGS_set=
ac_cv_env_CPPFLAGS_value=
ac_cv_env_CPP_set=
ac_cv_env_CPP_value=
ac_cv_env_CXXCPP_set=
ac_cv_env_CXXCPP_value=
ac_cv_env_CXXFLAGS_set=
ac_cv_env_CXXFLAGS_value=
ac_cv_env_CXX_set=
ac_cv_env_CXX_value=
ac_cv_env_LDFLAGS_set=
ac_cv_env_LDFLAGS_value=
ac_cv_env_LIBS_set=
ac_cv_env_LIBS_value=
ac_cv_env_build_alias_set=
ac_cv_env_build_alias_value=
ac_cv_env_host_alias_set=
ac_cv_env_host_alias_value=
ac_cv_env_target_alias_set=
ac_cv_env_target_alias_value=
ac_cv_func__putenv_s=no
ac_cv_func_clock_gettime=yes
ac_cv_func_closefrom=no
ac_cv_func_dirfd=yes
ac_cv_func_fdatasync=yes
ac_cv_func_fork=yes
ac_cv_func_fsync=yes
ac_cv_func_ftime=yes
ac_cv_func_gethostname=yes
ac_cv_func_getrlimit=yes
ac_cv_func_getrusage=yes
ac_cv_func_gettimeofday=yes
ac_cv_func_link=yes
ac_cv_func_memcmp_working=yes
ac_cv_func_nanosleep=yes
ac_cv_func_posix_fadvise=yes
ac_cv_func_pread=yes
ac_cv_func_pwrite=yes
ac_cv_func_random=yes
ac_cv_func_setenv=yes
ac_cv_func_sigaction=yes
ac_cv_func_sleep=yes
ac_cv_func_snprintf=snprintf
ac_cv_func_snprintf_noniso=no
ac_cv_func_srandom=yes
ac_cv_func_strerror_r=yes
ac_cv_func_strerror_r_char_p=yes
ac_cv_func_sysconf=yes
ac_cv_func_times=yes
ac_cv_have_decl__sys_errlist=yes
ac_cv_have_decl__sys_nerr=yes
ac_cv_have_decl_fdatasync_int_=yes
ac_cv_have_decl_log2=yes
ac_cv_have_decl_strerror_r=yes
ac_cv_have_decl_sys_errlist=yes
ac_cv_have_decl_sys_nerr=yes
ac_cv_header_dlfcn_h=yes
ac_cv_header_fcntl_h=yes
ac_cv_header_inttypes_h=yes
ac_cv_header_limits_h=yes
ac_cv_header_memory_h=yes
ac_cv_header_stdc=yes
ac_cv_header_stdint_h=yes
ac_cv_header_stdlib_h=yes
ac_cv_header_string_h=yes
ac_cv_header_strings_h=yes
ac_cv_header_sys_errno_h=yes
ac_cv_header_sys_resource_h=yes
ac_cv_header_sys_select_h=yes
ac_cv_header_sys_stat_h=yes
ac_cv_header_sys_types_h=yes
ac_cv_header_sys_utsname_h=yes
ac_cv_header_unistd_h=yes
ac_cv_header_uuid_uuid_h=yes
ac_cv_header_valgrind_memcheck_h=yes
ac_cv_header_zlib_h=yes
ac_cv_host=i686-pc-linux-gnu
ac_cv_objext=o
ac_cv_path_EGREP='/bin/grep -E'
ac_cv_path_FGREP='/bin/grep -F'
ac_cv_path_GREP=/bin/grep
ac_cv_path_PERL=/usr/bin/perl
ac_cv_path_SED=/bin/sed
ac_cv_path_VALGRIND=/usr/bin/valgrind
ac_cv_path_install='/usr/bin/install -c'
ac_cv_path_mkdir=/bin/mkdir
ac_cv_prog_AWK=mawk
ac_cv_prog_CPP='gcc -E'
ac_cv_prog_CXXCPP='g++ -E'
ac_cv_prog_ac_ct_AR=ar
ac_cv_prog_ac_ct_CC=gcc
ac_cv_prog_ac_ct_CXX=g++
ac_cv_prog_ac_ct_MANIFEST_TOOL=mt
ac_cv_prog_ac_ct_OBJDUMP=objdump
ac_cv_prog_ac_ct_RANLIB=ranlib
ac_cv_prog_ac_ct_STRIP=strip
ac_cv_prog_cc_c89=
ac_cv_prog_cc_g=yes
ac_cv_prog_cxx_g=yes
ac_cv_prog_make_make_set=yes
ac_cv_search_fdatasync='none required'
ac_cv_search_getaddrinfo='none required'
ac_cv_search_inet_ntop='none required'
ac_cv_search_socketpair='none required'
ac_cv_search_timer_create=-lrt
ac_cv_search_uuid_generate=-luuid
ac_cv_search_zlibVersion=-lz
ac_cv_sizeof_int=4
ac_cv_sizeof_long=4
ac_cv_sizeof_short=2
ac_cv_sys_file_offset_bits=64
ac_cv_sys_largefile_CC=no
ac_cv_type_mode_t=yes
ac_cv_type_pid_t=yes
ac_cv_type_ssize_t=yes
am_cv_CC_dependencies_compiler_type=gcc3
am_cv_CXX_dependencies_compiler_type=gcc3
am_cv_make_support_nested_variables=yes
am_cv_prog_cc_c_o=yes
am_cv_prog_tar_ustar=gnutar
ax_cv_cxx_compile_cxx11=no
ax_cv_cxx_compile_cxx11__std_gnupp11=yes
lt_cv_ar_at_file=@
lt_cv_archive_cmds_need_lc=no
lt_cv_deplibs_check_method=pass_all
lt_cv_file_magic_cmd='$MAGIC_CMD'
lt_cv_file_magic_test_file=
lt_cv_ld_reload_flag=-r
lt_cv_nm_interface='BSD nm'
lt_cv_objdir=.libs
lt_cv_path_LD=/usr/bin/ld
lt_cv_path_LDCXX=/usr/bin/ld
lt_cv_path_NM='/usr/bin/nm -B'
lt_cv_path_mainfest_tool=no
lt_cv_prog_compiler_c_o=yes
lt_cv_prog_compiler_c_o_CXX=yes
lt_cv_prog_compiler_pic='-fPIC -DPIC'
lt_cv_prog_compiler_pic_CXX='-fPIC -DPIC'
lt_cv_prog_compiler_pic_works=yes
lt_cv_prog_compiler_pic_works_CXX=yes
lt_cv_prog_compiler_rtti_exceptions=no
lt_cv_prog_compiler_static_works=yes
lt_cv_prog_compiler_static_works_CXX=yes
lt_cv_prog_gnu_ld=yes
lt_cv_prog_gnu_ldcxx=yes
lt_cv_sharedlib_from_linklib_cmd='printf %s\n'
lt_cv_shlibpath_overrides_runpath=no
lt_cv_sys_global_symbol_pipe='sed -n -e '\''s/^.*[	 ]\([ABCDGIRSTW][ABCDGIRSTW]*\)[	 ][	 ]*\([_A-Za-z][_A-Za-z0-9]*\)$/\1 \2 \2/p'\'' | sed '\''/ __gnu_lto/d'\'''
lt_cv_sys_global_symbol_to_c_name_address='sed -n -e '\''s/^: \([^ ]*\)[ ]*$/  {\"\1\", (void *) 0},/p'\'' -e '\''s/^[ABCDGIRSTW]* \([^ ]*\) \([^ ]*\)$/  {"\2", (void *) \&\2},/p'\'''
lt_cv_sys_global_symbol_to_c_name_address_lib_prefix='sed -n -e '\''s/^: \([^ ]*\)[ ]*$/  {\"\1\", (void *) 0},/p'\'' -e '\''s/^[ABCDGIRSTW]* \([^ ]*\) \(lib[^ ]*\)$/  {"\2", (void *) \&\2},/p'\'' -e '\''s/^[ABCDGIRSTW]* \([^ ]*\) \([^ ]*\)$/  {"lib\2", (void *) \&\2},/p'\'''
lt_cv_sys_global_symbol_to_cdecl='sed -n -e '\''s/^T .* \(.*\)$/extern int \1();/p'\'' -e '\''s/^[ABCDGIRSTW]* .* \(.*\)$/extern char \1;/p'\'''
lt_cv_sys_max_cmd_len=1572864
lt_cv_to_host_file_cmd=func_convert_file_noop
lt_cv_to_tool_file_cmd=func_convert_file_noop
xo_cv_cxx_works=yes
xo_cv_pread_prototype=' '
xo_cv_pwrite_prototype=' '
xo_cv_socklen_t_equiv=socklen_t
xo_cv_symbolic_functions=yes

## ----------------- ##
## Output variables. ##
## ----------------- ##

ACLOCAL='${SHELL} /home/enoch/checkout/xapian-core/xapian-core/missing aclocal-1.14 '
AMDEPBACKSLASH='\'
AMDEP_FALSE='#'
AMDEP_TRUE=''
AMTAR='$${TAR-tar}'
AM_BACKSLASH='\'
AM_CXXFLAGS=' -fshow-column -Wall -W -Wredundant-decls -Wpointer-arith -Wcast-qual -Wcast-align -Wno-long-long -Wformat-security -fno-gnu-keywords -Wundef -Woverloaded-virtual -Wstrict-null-sentinel -Wshadow -Wstrict-overflow=1 -Wlogical-op -Wmissing-declarations -Wdouble-promotion -Winit-self -fvisibility=hidden -mfpmath=sse -msse2 -mtune=generic'
AM_DEFAULT_V='$(AM_DEFAULT_VERBOSITY)'
AM_DEFAULT_VERBOSITY='1'
AM_V='$(V)'
AR='ar'
AUTOCONF='${SHELL} /home/enoch/checkout/xapian-core/xapian-core/missing autoconf'
AUTOHEADER='${SHELL} /home/enoch/checkout/xapian-core/xapian-core/missing autoheader'
AUTOM4TE='autom4te'
AUTOMAKE='${SHELL} /home/enoch/checkout/xapian-core/xapian-core/missing automake-1.14'
AWK='mawk'
BUILD_BACKEND_CHERT_FALSE='#'
BUILD_BACKEND_CHERT_OR_GLASS_FALSE='#'
BUILD_BACKEND_CHERT_OR_GLASS_TRUE=''
BUILD_BACKEND_CHERT_TRUE=''
BUILD_BACKEND_GLASS_FALSE='#'
BUILD_BACKEND_GLASS_TRUE=''
BUILD_BACKEND_INMEMORY_FALSE='#'
BUILD_BACKEND_INMEMORY_TRUE=''
BUILD_BACKEND_REMOTE_FALSE='#'
BUILD_BACKEND_REMOTE_TRUE=''
CC='gcc'
CCDEPMODE='depmode=gcc3'
CC_FOR_BUILD='gcc'
CFLAGS='-g -O2'
CPP='gcc -E'
CPPFLAGS=''
CXX='g++'
CXXCPP='g++ -E'
CXXDEPMODE='depmode=gcc3'
CXXFLAGS='-g -O2 -std=gnu++11'
CYGPATH_W='echo'
DEFS='-DHAVE_CONFIG_H'
DEPDIR='.deps'
DLLTOOL='false'
DOCUMENTATION_RULES_FALSE=''
DOCUMENTATION_RULES_TRUE='#'
DOT=''
DOXYGEN=''
DOXYGEN_DOT_PATH=''
DSYMUTIL=''
DUMPBIN=''
EATMYDATA=''
ECHO_C=''
ECHO_N='-n'
ECHO_T=''
EGREP='/bin/grep -E'
EXEEXT=''
FGREP='/bin/grep -F'
FP_EXCESS_PRECISION='no'
GREP='/bin/grep'
HAVE_CXX11=''
HELP2MAN=''
INSTALL_DATA='${INSTALL} -m 644'
INSTALL_PROGRAM='${INSTALL}'
INSTALL_SCRIPT='${INSTALL}'
INSTALL_STRIP_PROGRAM='$(install_sh) -c -s'
LD='/usr/bin/ld'
LDFLAGS=''
LIBOBJS=''
LIBRARY_VERSION_INFO='4:0:0'
LIBRARY_VERSION_SUFFIX='-1.3'
LIBS=''
LIBTOOL='$(SHELL) $(top_builddir)/libtool'
LIPO=''
LN_S='ln -s'
LTLIBOBJS=''
MAINT='#'
MAINTAINER_MODE_FALSE=''
MAINTAINER_MODE_TRUE='#'
MAINTAINER_NO_DOCS_FALSE=''
MAINTAINER_NO_DOCS_TRUE='#'
MAKEINFO='${SHELL} /home/enoch/checkout/xapian-core/xapian-core/missing makeinfo'
MANIFEST_TOOL=':'
MKDIR_P='/bin/mkdir -p'
NM='/usr/bin/nm -B'
NMEDIT=''
NO_INSTALL='-no-install'
NO_UNDEFINED=''
OBJDUMP='objdump'
OBJEXT='o'
OTOOL64=''
OTOOL=''
PACKAGE='xapian-core'
PACKAGE_BUGREPORT='http://xapian.org/bugs'
PACKAGE_NAME='xapian-core'
PACKAGE_STRING='xapian-core 1.3.3'
PACKAGE_TARNAME='xapian-core'
PACKAGE_URL=''
PACKAGE_VERSION='1.3.3'
PATH_SEPARATOR=':'
PERCENT='%'
PERL='/usr/bin/perl'
PNGCRUSH=''
RANLIB='ranlib'
RST2HTML=''
SED='/bin/sed'
SET_MAKE=''
SHELL='/bin/bash'
SHLIBEXT='.so'
STRIP='strip'
USE_WIN32_UUID_API_FALSE=''
USE_WIN32_UUID_API_TRUE='#'
USE_ZLIB_VG_FALSE='#'
USE_ZLIB_VG_TRUE=''
VALGRIND='/usr/bin/valgrind'
VERSION='1.3.3'
VPATH_BUILD_FALSE=''
VPATH_BUILD_TRUE='#'
XAPIAN_LDFLAGS=' -Bsymbolic-functions'
XAPIAN_LIBS=' -lrt   -lz  -luuid  '
abi_affecting_cxxflags=''
ac_ct_AR='ar'
ac_ct_CC='gcc'
ac_ct_CXX='g++'
ac_ct_DUMPBIN=''
am__EXEEXT_FALSE=''
am__EXEEXT_TRUE='#'
am__fastdepCC_FALSE='#'
am__fastdepCC_TRUE=''
am__fastdepCXX_FALSE='#'
am__fastdepCXX_TRUE=''
am__include='include'
am__isrc=''
am__leading_dot='.'
am__nodep='_no'
am__quote=''
am__tar='tar --format=ustar -chf - "$$tardir"'
am__untar='tar -xf -'
bindir='${exec_prefix}/bin'
build='i686-pc-linux-gnu'
build_alias=''
build_cpu='i686'
build_os='linux-gnu'
build_vendor='pc'
datadir='${datarootdir}'
datarootdir='${prefix}/share'
docdir='${datarootdir}/doc/${PACKAGE_TARNAME}'
dvidir='${docdir}'
exec_prefix='${prefix}'
host='i686-pc-linux-gnu'
host_alias=''
host_cpu='i686'
host_os='linux-gnu'
host_vendor='pc'
htmldir='${docdir}'
incdir='${prefix}/include/xapian-1.3'
includedir='${prefix}/include'
infodir='${datarootdir}/info'
install_sh='${SHELL} /home/enoch/checkout/xapian-core/xapian-core/install-sh'
ldflags=''
libdir='${exec_prefix}/lib'
libexecdir='${exec_prefix}/libexec'
link_all_deplibs_CXX='no'
localedir='${datarootdir}/locale'
localstatedir='${prefix}/var'
mandir='${datarootdir}/man'
mkdir_p='$(MKDIR_P)'
oldincludedir='/usr/include'
pdfdir='${docdir}'
prefix='/usr/local'
program_transform_name='s&$$&-1.3&'
psdir='${docdir}'
sbindir='${exec_prefix}/sbin'
sharedstatedir='${prefix}/com'
sysconfdir='${prefix}/etc'
target_alias=''

## ----------- ##
## confdefs.h. ##
## ----------- ##

/* confdefs.h */
#define PACKAGE_NAME "xapian-core"
#define PACKAGE_TARNAME "xapian-core"
#define PACKAGE_VERSION "1.3.3"
#define PACKAGE_STRING "xapian-core 1.3.3"
#define PACKAGE_BUGREPORT "http://xapian.org/bugs"
#define PACKAGE_URL ""
#define PACKAGE "xapian-core"
#define VERSION "1.3.3"
#define STDC_HEADERS 1
#define HAVE_SYS_TYPES_H 1
#define HAVE_SYS_STAT_H 1
#define HAVE_STDLIB_H 1
#define HAVE_STRING_H 1
#define HAVE_MEMORY_H 1
#define HAVE_STRINGS_H 1
#define HAVE_INTTYPES_H 1
#define HAVE_STDINT_H 1
#define HAVE_UNISTD_H 1
#define HAVE_DLFCN_H 1
#define LT_OBJDIR ".libs/"
#define HAVE_DECL_LOG2 1
#define USE_RTTI 1
#define HAVE_CLOCK_GETTIME 1
#define HAVE_SLEEP 1
#define HAVE_NANOSLEEP 1
#define HAVE_GETTIMEOFDAY 1
#define HAVE_FTIME 1
#define HAVE_TIMER_CREATE 1
#define HAVE_SRANDOM 1
#define HAVE_RANDOM 1
#define HAVE_SIGACTION 1
#define HAVE_SIGSETJMP 1
#define HAVE_GETRUSAGE 1
#define HAVE_TIMES 1
#define HAVE_SYSCONF 1
#define HAVE_SETENV 1
#define HAVE_DIRFD 1
#define HAVE_GETRLIMIT 1
#define HAVE_SYS_UTSNAME_H 1
#define HAVE_GETHOSTNAME 1
#define SIZEOF_SHORT 2
#define SIZEOF_INT 4
#define SIZEOF_LONG 4
#define HAVE_FCNTL_H 1
#define HAVE_LIMITS_H 1
#define HAVE_SYS_ERRNO_H 1
#define HAVE_SYS_SELECT_H 1
#define HAVE_SYS_RESOURCE_H 1
#define HAVE_VALGRIND_MEMCHECK_H 1
#define HAVE_VALGRIND 1
#define HAVE_DECL_STRERROR_R 1
#define HAVE_STRERROR_R 1
#define STRERROR_R_CHAR_P 1
#define HAVE_DECL_SYS_ERRLIST 1
#define HAVE_DECL__SYS_ERRLIST 1
#define HAVE_DECL_SYS_NERR 1
#define HAVE_DECL__SYS_NERR 1
#define SNPRINTF_ISO snprintf
#define SNPRINTF snprintf
#define HAVE_ZLIB_H 1
#define HAVE_UUID_UUID_H 1
#define HAVE_UUID_UNPARSE_LOWER 1
#define HAVE_FORK 1
#define HAVE_SOCKETPAIR 1
#define SOCKLEN_T socklen_t
#define HAVE_FDATASYNC 1
#define HAVE_FSYNC 1
#define HAVE_POSIX_FADVISE 1
#define HAVE_PREAD 1
#define HAVE_PWRITE 1
#define HAVE_LINK 1
#define _FILE_OFFSET_BITS 64

configure: exit 0
